2026-04-29T08:10:21.597+02:00  WARN 20800 --- [eimt_lab] [HikariPool-1 housekeeper] com.zaxxer.hikari.pool.HikariPool        : HikariPool-1 - Thread starvation or clock leap detected (housekeeper delta=8h18m55s622ms102µs800ns).
2026-04-29T08:13:11.013+02:00 DEBUG 20800 --- [eimt_lab] [http-nio-8080-exec-1] org.hibernate.SQL                        : select b1_0.id,b1_0.author_id,b1_0.available_copies,b1_0.category,b1_0.created_at,b1_0.name,b1_0.rented,b1_0.state,b1_0.updated_at from books b1_0
2026-04-29T08:13:11.090+02:00 DEBUG 20800 --- [eimt_lab] [http-nio-8080-exec-1] org.hibernate.SQL                        : select a1_0.id,a1_0.country_id,c1_0.id,c1_0.continent,c1_0.name,a1_0.created_at,a1_0.name,a1_0.surname,a1_0.updated_at from authors a1_0 join countries c1_0 on c1_0.id=a1_0.country_id where a1_0.id=?
2026-04-29T08:13:11.092+02:00 TRACE 20800 --- [eimt_lab] [http-nio-8080-exec-1] org.hibernate.orm.jdbc.bind              : binding parameter (1:BIGINT) <- [3]
2026-04-29T08:13:11.138+02:00 DEBUG 20800 --- [eimt_lab] [http-nio-8080-exec-1] org.hibernate.SQL                        : select a1_0.id,a1_0.country_id,c1_0.id,c1_0.continent,c1_0.name,a1_0.created_at,a1_0.name,a1_0.surname,a1_0.updated_at from authors a1_0 join countries c1_0 on c1_0.id=a1_0.country_id where a1_0.id=?
2026-04-29T08:13:11.138+02:00 TRACE 20800 --- [eimt_lab] [http-nio-8080-exec-1] org.hibernate.orm.jdbc.bind              : binding parameter (1:BIGINT) <- [1]
2026-04-29T08:13:11.144+02:00 DEBUG 20800 --- [eimt_lab] [http-nio-8080-exec-1] org.hibernate.SQL                        : select a1_0.id,a1_0.country_id,c1_0.id,c1_0.continent,c1_0.name,a1_0.created_at,a1_0.name,a1_0.surname,a1_0.updated_at from authors a1_0 join countries c1_0 on c1_0.id=a1_0.country_id where a1_0.id=?
2026-04-29T08:13:11.145+02:00 TRACE 20800 --- [eimt_lab] [http-nio-8080-exec-1] org.hibernate.orm.jdbc.bind              : binding parameter (1:BIGINT) <- [2]
2026-04-29T08:13:11.228+02:00 DEBUG 20800 --- [eimt_lab] [http-nio-8080-exec-3] org.hibernate.SQL                        : select b1_0.id,b1_0.author_id,b1_0.available_copies,b1_0.category,b1_0.created_at,b1_0.name,b1_0.rented,b1_0.state,b1_0.updated_at from books b1_0
2026-04-29T08:13:11.237+02:00 DEBUG 20800 --- [eimt_lab] [http-nio-8080-exec-3] org.hibernate.SQL                        : select a1_0.id,a1_0.country_id,c1_0.id,c1_0.continent,c1_0.name,a1_0.created_at,a1_0.name,a1_0.surname,a1_0.updated_at from authors a1_0 join countries c1_0 on c1_0.id=a1_0.country_id where a1_0.id=?
2026-04-29T08:13:11.238+02:00 TRACE 20800 --- [eimt_lab] [http-nio-8080-exec-3] org.hibernate.orm.jdbc.bind              : binding parameter (1:BIGINT) <- [3]
2026-04-29T08:13:11.246+02:00 DEBUG 20800 --- [eimt_lab] [http-nio-8080-exec-3] org.hibernate.SQL                        : select a1_0.id,a1_0.country_id,c1_0.id,c1_0.continent,c1_0.name,a1_0.created_at,a1_0.name,a1_0.surname,a1_0.updated_at from authors a1_0 join countries c1_0 on c1_0.id=a1_0.country_id where a1_0.id=?
2026-04-29T08:13:11.246+02:00 TRACE 20800 --- [eimt_lab] [http-nio-8080-exec-3] org.hibernate.orm.jdbc.bind              : binding parameter (1:BIGINT) <- [1]
2026-04-29T08:13:11.255+02:00 DEBUG 20800 --- [eimt_lab] [http-nio-8080-exec-3] org.hibernate.SQL                        : select a1_0.id,a1_0.country_id,c1_0.id,c1_0.continent,c1_0.name,a1_0.created_at,a1_0.name,a1_0.surname,a1_0.updated_at from authors a1_0 join countries c1_0 on c1_0.id=a1_0.country_id where a1_0.id=?
2026-04-29T08:13:11.256+02:00 TRACE 20800 --- [eimt_lab] [http-nio-8080-exec-3] org.hibernate.orm.jdbc.bind              : binding parameter (1:BIGINT) <- [2]
2026-04-29T08:13:11.695+02:00 DEBUG 20800 --- [eimt_lab] [http-nio-8080-exec-4] org.hibernate.SQL                        : select a1_0.id,a1_0.country_id,a1_0.created_at,a1_0.name,a1_0.surname,a1_0.updated_at from authors a1_0
2026-04-29T08:13:11.707+02:00 DEBUG 20800 --- [eimt_lab] [http-nio-8080-exec-4] org.hibernate.SQL                        : select c1_0.id,c1_0.continent,c1_0.name from countries c1_0 where c1_0.id=?
2026-04-29T08:13:11.708+02:00 TRACE 20800 --- [eimt_lab] [http-nio-8080-exec-4] org.hibernate.orm.jdbc.bind              : binding parameter (1:BIGINT) <- [1]
2026-04-29T08:13:11.714+02:00 DEBUG 20800 --- [eimt_lab] [http-nio-8080-exec-4] org.hibernate.SQL                        : select c1_0.id,c1_0.continent,c1_0.name from countries c1_0 where c1_0.id=?
2026-04-29T08:13:11.715+02:00 TRACE 20800 --- [eimt_lab] [http-nio-8080-exec-4] org.hibernate.orm.jdbc.bind              : binding parameter (1:BIGINT) <- [2]
2026-04-29T08:13:11.721+02:00 DEBUG 20800 --- [eimt_lab] [http-nio-8080-exec-4] org.hibernate.SQL                        : select c1_0.id,c1_0.continent,c1_0.name from countries c1_0 where c1_0.id=?
2026-04-29T08:13:11.721+02:00 TRACE 20800 --- [eimt_lab] [http-nio-8080-exec-4] org.hibernate.orm.jdbc.bind              : binding parameter (1:BIGINT) <- [3]
2026-04-29T08:13:11.745+02:00 DEBUG 20800 --- [eimt_lab] [http-nio-8080-exec-9] org.hibernate.SQL                        : select a1_0.id,a1_0.country_id,a1_0.created_at,a1_0.name,a1_0.surname,a1_0.updated_at from authors a1_0
2026-04-29T08:13:11.751+02:00 DEBUG 20800 --- [eimt_lab] [http-nio-8080-exec-9] org.hibernate.SQL                        : select c1_0.id,c1_0.continent,c1_0.name from countries c1_0 where c1_0.id=?
2026-04-29T08:13:11.751+02:00 TRACE 20800 --- [eimt_lab] [http-nio-8080-exec-9] org.hibernate.orm.jdbc.bind              : binding parameter (1:BIGINT) <- [1]
2026-04-29T08:13:11.758+02:00 DEBUG 20800 --- [eimt_lab] [http-nio-8080-exec-9] org.hibernate.SQL                        : select c1_0.id,c1_0.continent,c1_0.name from countries c1_0 where c1_0.id=?
2026-04-29T08:13:11.758+02:00 TRACE 20800 --- [eimt_lab] [http-nio-8080-exec-9] org.hibernate.orm.jdbc.bind              : binding parameter (1:BIGINT) <- [2]
2026-04-29T08:13:11.763+02:00 DEBUG 20800 --- [eimt_lab] [http-nio-8080-exec-9] org.hibernate.SQL                        : select c1_0.id,c1_0.continent,c1_0.name from countries c1_0 where c1_0.id=?
2026-04-29T08:13:11.763+02:00 TRACE 20800 --- [eimt_lab] [http-nio-8080-exec-9] org.hibernate.orm.jdbc.bind              : binding parameter (1:BIGINT) <- [3]
2026-04-29T08:13:12.208+02:00 DEBUG 20800 --- [eimt_lab] [http-nio-8080-exec-6] org.hibernate.SQL                        : select c1_0.id,c1_0.continent,c1_0.name from countries c1_0
2026-04-29T08:13:12.232+02:00 DEBUG 20800 --- [eimt_lab] [http-nio-8080-exec-5] org.hibernate.SQL                        : select c1_0.id,c1_0.continent,c1_0.name from countries c1_0
2026-04-29T08:26:20.641+02:00  INFO 20800 --- [eimt_lab] [SpringApplicationShutdownHook] com.zaxxer.hikari.HikariDataSource       : HikariPool-1 - Shutdown initiated...
2026-04-29T08:26:20.658+02:00  INFO 20800 --- [eimt_lab] [SpringApplicationShutdownHook] com.zaxxer.hikari.HikariDataSource       : HikariPool-1 - Shutdown completed.
2026-04-29T08:26:42.108+02:00  INFO 22372 --- [eimt_lab] [main] m.u.f.wp.eimt_lab.EimtLabApplication     : Starting EimtLabApplication using Java 23 with PID 22372 (C:\desktop\eimt_lab\target\classes started by HP in C:\desktop\eimt_lab)
2026-04-29T08:26:42.111+02:00  INFO 22372 --- [eimt_lab] [main] m.u.f.wp.eimt_lab.EimtLabApplication     : The following 1 profile is active: "dev"
2026-04-29T08:26:45.202+02:00  INFO 22372 --- [eimt_lab] [main] o.apache.catalina.core.StandardService   : Starting service [Tomcat]
2026-04-29T08:26:45.203+02:00  INFO 22372 --- [eimt_lab] [main] o.apache.catalina.core.StandardEngine    : Starting Servlet engine: [Apache Tomcat/10.1.36]
2026-04-29T08:26:45.289+02:00  INFO 22372 --- [eimt_lab] [main] o.a.c.c.C.[Tomcat].[localhost].[/]       : Initializing Spring embedded WebApplicationContext
2026-04-29T08:26:46.255+02:00  INFO 22372 --- [eimt_lab] [main] com.zaxxer.hikari.HikariDataSource       : HikariPool-1 - Starting...
2026-04-29T08:26:46.489+02:00  INFO 22372 --- [eimt_lab] [main] com.zaxxer.hikari.pool.HikariPool        : HikariPool-1 - Added connection org.postgresql.jdbc.PgConnection@61ab6521
2026-04-29T08:26:46.492+02:00  INFO 22372 --- [eimt_lab] [main] com.zaxxer.hikari.HikariDataSource       : HikariPool-1 - Start completed.
2026-04-29T08:26:46.543+02:00  INFO 22372 --- [eimt_lab] [main] org.flywaydb.core.FlywayExecutor         : Database: jdbc:postgresql://localhost:5433/eimt_lab (PostgreSQL 17.4)
2026-04-29T08:26:46.693+02:00  INFO 22372 --- [eimt_lab] [main] o.f.core.internal.command.DbValidate     : Successfully validated 7 migrations (execution time 00:00.076s)
2026-04-29T08:26:46.760+02:00  INFO 22372 --- [eimt_lab] [main] o.f.core.internal.command.DbMigrate      : Current version of schema "public": 7
2026-04-29T08:26:46.768+02:00  INFO 22372 --- [eimt_lab] [main] o.f.core.internal.command.DbMigrate      : Schema "public" is up to date. No migration necessary.
2026-04-29T08:26:46.932+02:00  INFO 22372 --- [eimt_lab] [main] o.hibernate.jpa.internal.util.LogHelper  : HHH000204: Processing PersistenceUnitInfo [name: default]
2026-04-29T08:26:47.034+02:00  INFO 22372 --- [eimt_lab] [main] org.hibernate.Version                    : HHH000412: Hibernate ORM core version 6.6.8.Final
2026-04-29T08:26:47.096+02:00  INFO 22372 --- [eimt_lab] [main] o.h.c.internal.RegionFactoryInitiator    : HHH000026: Second-level cache disabled
2026-04-29T08:26:47.948+02:00  INFO 22372 --- [eimt_lab] [main] org.hibernate.orm.connections.pooling    : HHH10001005: Database info:
	Database JDBC URL [Connecting through datasource 'HikariDataSource (HikariPool-1)']
	Database driver: undefined/unknown
	Database version: 17.4
	Autocommit mode: undefined/unknown
	Isolation level: undefined/unknown
	Minimum pool size: undefined/unknown
	Maximum pool size: undefined/unknown
2026-04-29T08:26:49.632+02:00  INFO 22372 --- [eimt_lab] [main] o.h.e.t.j.p.i.JtaPlatformInitiator       : HHH000489: No JTA platform available (set 'hibernate.transaction.jta.platform' to enable JTA platform integration)
2026-04-29T08:26:50.353+02:00  WARN 22372 --- [eimt_lab] [main] ConfigServletWebServerApplicationContext : Exception encountered during context initialization - cancelling refresh attempt: org.springframework.beans.factory.UnsatisfiedDependencyException: Error creating bean with name 'bookApplicationServiceImpl' defined in file [C:\desktop\eimt_lab\target\classes\mk\ukim\finki\wp\eimt_lab\service\application\impl\BookApplicationServiceImpl.class]: Unsatisfied dependency expressed through constructor parameter 0: Error creating bean with name 'bookServiceImpl' defined in file [C:\desktop\eimt_lab\target\classes\mk\ukim\finki\wp\eimt_lab\service\domain\impl\BookServiceImpl.class]: Unsatisfied dependency expressed through constructor parameter 1: Error creating bean with name 'userRepositoryImpl' defined in file [C:\desktop\eimt_lab\target\classes\mk\ukim\finki\wp\eimt_lab\service\domain\impl\UserRepositoryImpl.class]: Unsatisfied dependency expressed through constructor parameter 0: Error creating bean with name 'userRepositoryImpl': Requested bean is currently in creation: Is there an unresolvable circular reference or an asynchronous initialization dependency?
2026-04-29T08:26:50.361+02:00  INFO 22372 --- [eimt_lab] [main] com.zaxxer.hikari.HikariDataSource       : HikariPool-1 - Shutdown initiated...
2026-04-29T08:26:50.375+02:00  INFO 22372 --- [eimt_lab] [main] com.zaxxer.hikari.HikariDataSource       : HikariPool-1 - Shutdown completed.
2026-04-29T08:26:50.385+02:00  INFO 22372 --- [eimt_lab] [main] o.apache.catalina.core.StandardService   : Stopping service [Tomcat]
2026-04-29T08:26:50.440+02:00 ERROR 22372 --- [eimt_lab] [main] o.s.b.d.LoggingFailureAnalysisReporter   : 

***************************
APPLICATION FAILED TO START
***************************

Description:

The dependencies of some of the beans in the application context form a cycle:

   bookApplicationServiceImpl defined in file [C:\desktop\eimt_lab\target\classes\mk\ukim\finki\wp\eimt_lab\service\application\impl\BookApplicationServiceImpl.class]
      ↓
   bookServiceImpl defined in file [C:\desktop\eimt_lab\target\classes\mk\ukim\finki\wp\eimt_lab\service\domain\impl\BookServiceImpl.class]
┌─────┐
|  userRepositoryImpl defined in file [C:\desktop\eimt_lab\target\classes\mk\ukim\finki\wp\eimt_lab\service\domain\impl\UserRepositoryImpl.class]
└─────┘


Action:

Relying upon circular references is discouraged and they are prohibited by default. Update your application to remove the dependency cycle between beans. As a last resort, it may be possible to break the cycle automatically by setting spring.main.allow-circular-references to true.

2026-04-29T08:28:51.528+02:00  INFO 18648 --- [eimt_lab] [main] m.u.f.wp.eimt_lab.EimtLabApplication     : Starting EimtLabApplication using Java 23 with PID 18648 (C:\desktop\eimt_lab\target\classes started by HP in C:\desktop\eimt_lab)
2026-04-29T08:28:51.528+02:00  INFO 18648 --- [eimt_lab] [main] m.u.f.wp.eimt_lab.EimtLabApplication     : The following 1 profile is active: "dev"
2026-04-29T08:28:54.416+02:00  INFO 18648 --- [eimt_lab] [main] o.apache.catalina.core.StandardService   : Starting service [Tomcat]
2026-04-29T08:28:54.417+02:00  INFO 18648 --- [eimt_lab] [main] o.apache.catalina.core.StandardEngine    : Starting Servlet engine: [Apache Tomcat/10.1.36]
2026-04-29T08:28:54.497+02:00  INFO 18648 --- [eimt_lab] [main] o.a.c.c.C.[Tomcat].[localhost].[/]       : Initializing Spring embedded WebApplicationContext
2026-04-29T08:28:54.868+02:00  INFO 18648 --- [eimt_lab] [main] com.zaxxer.hikari.HikariDataSource       : HikariPool-1 - Starting...
2026-04-29T08:28:55.081+02:00  INFO 18648 --- [eimt_lab] [main] com.zaxxer.hikari.pool.HikariPool        : HikariPool-1 - Added connection org.postgresql.jdbc.PgConnection@83b0d0f
2026-04-29T08:28:55.082+02:00  INFO 18648 --- [eimt_lab] [main] com.zaxxer.hikari.HikariDataSource       : HikariPool-1 - Start completed.
2026-04-29T08:28:55.121+02:00  INFO 18648 --- [eimt_lab] [main] org.flywaydb.core.FlywayExecutor         : Database: jdbc:postgresql://localhost:5433/eimt_lab (PostgreSQL 17.4)
2026-04-29T08:28:55.225+02:00  INFO 18648 --- [eimt_lab] [main] o.f.core.internal.command.DbValidate     : Successfully validated 7 migrations (execution time 00:00.058s)
2026-04-29T08:28:55.269+02:00  INFO 18648 --- [eimt_lab] [main] o.f.core.internal.command.DbMigrate      : Current version of schema "public": 7
2026-04-29T08:28:55.278+02:00  INFO 18648 --- [eimt_lab] [main] o.f.core.internal.command.DbMigrate      : Schema "public" is up to date. No migration necessary.
2026-04-29T08:28:55.432+02:00  INFO 18648 --- [eimt_lab] [main] o.hibernate.jpa.internal.util.LogHelper  : HHH000204: Processing PersistenceUnitInfo [name: default]
2026-04-29T08:28:55.499+02:00  INFO 18648 --- [eimt_lab] [main] org.hibernate.Version                    : HHH000412: Hibernate ORM core version 6.6.8.Final
2026-04-29T08:28:55.547+02:00  INFO 18648 --- [eimt_lab] [main] o.h.c.internal.RegionFactoryInitiator    : HHH000026: Second-level cache disabled
2026-04-29T08:28:56.047+02:00  INFO 18648 --- [eimt_lab] [main] org.hibernate.orm.connections.pooling    : HHH10001005: Database info:
	Database JDBC URL [Connecting through datasource 'HikariDataSource (HikariPool-1)']
	Database driver: undefined/unknown
	Database version: 17.4
	Autocommit mode: undefined/unknown
	Isolation level: undefined/unknown
	Minimum pool size: undefined/unknown
	Maximum pool size: undefined/unknown
2026-04-29T08:28:57.321+02:00  INFO 18648 --- [eimt_lab] [main] o.h.e.t.j.p.i.JtaPlatformInitiator       : HHH000489: No JTA platform available (set 'hibernate.transaction.jta.platform' to enable JTA platform integration)
2026-04-29T08:28:59.091+02:00  WARN 18648 --- [eimt_lab] [main] JpaBaseConfiguration$JpaWebConfiguration : spring.jpa.open-in-view is enabled by default. Therefore, database queries may be performed during view rendering. Explicitly configure spring.jpa.open-in-view to disable this warning
2026-04-29T08:28:59.841+02:00  INFO 18648 --- [eimt_lab] [main] m.u.f.wp.eimt_lab.EimtLabApplication     : Started EimtLabApplication in 9.096 seconds (process running for 11.381)
2026-04-29T08:29:04.137+02:00  INFO 18648 --- [eimt_lab] [http-nio-8080-exec-1] o.a.c.c.C.[Tomcat].[localhost].[/]       : Initializing Spring DispatcherServlet 'dispatcherServlet'
2026-04-29T08:29:06.471+02:00  INFO 18648 --- [eimt_lab] [http-nio-8080-exec-6] o.springdoc.api.AbstractOpenApiResource  : Init duration for springdoc-openapi is: 1590 ms
2026-04-29T08:29:17.061+02:00 DEBUG 18648 --- [eimt_lab] [http-nio-8080-exec-7] org.hibernate.SQL                        : select u1_0.id,u1_0.email,u1_0.name,u1_0.surname from library_users u1_0
2026-04-29T08:44:14.450+02:00 DEBUG 18648 --- [eimt_lab] [http-nio-8080-exec-1] org.hibernate.SQL                        : select b1_0.id,b1_0.author_id,b1_0.available_copies,b1_0.category,b1_0.created_at,b1_0.name,b1_0.rented,b1_0.state,b1_0.updated_at from books b1_0
2026-04-29T08:44:14.489+02:00 DEBUG 18648 --- [eimt_lab] [http-nio-8080-exec-1] org.hibernate.SQL                        : select a1_0.id,a1_0.country_id,c1_0.id,c1_0.continent,c1_0.name,a1_0.created_at,a1_0.name,a1_0.surname,a1_0.updated_at from authors a1_0 join countries c1_0 on c1_0.id=a1_0.country_id where a1_0.id=?
2026-04-29T08:44:14.489+02:00 TRACE 18648 --- [eimt_lab] [http-nio-8080-exec-1] org.hibernate.orm.jdbc.bind              : binding parameter (1:BIGINT) <- [3]
2026-04-29T08:44:14.517+02:00 DEBUG 18648 --- [eimt_lab] [http-nio-8080-exec-1] org.hibernate.SQL                        : select a1_0.id,a1_0.country_id,c1_0.id,c1_0.continent,c1_0.name,a1_0.created_at,a1_0.name,a1_0.surname,a1_0.updated_at from authors a1_0 join countries c1_0 on c1_0.id=a1_0.country_id where a1_0.id=?
2026-04-29T08:44:14.518+02:00 TRACE 18648 --- [eimt_lab] [http-nio-8080-exec-1] org.hibernate.orm.jdbc.bind              : binding parameter (1:BIGINT) <- [1]
2026-04-29T08:44:14.523+02:00 DEBUG 18648 --- [eimt_lab] [http-nio-8080-exec-1] org.hibernate.SQL                        : select a1_0.id,a1_0.country_id,c1_0.id,c1_0.continent,c1_0.name,a1_0.created_at,a1_0.name,a1_0.surname,a1_0.updated_at from authors a1_0 join countries c1_0 on c1_0.id=a1_0.country_id where a1_0.id=?
2026-04-29T08:44:14.523+02:00 TRACE 18648 --- [eimt_lab] [http-nio-8080-exec-1] org.hibernate.orm.jdbc.bind              : binding parameter (1:BIGINT) <- [2]
2026-04-29T08:44:14.568+02:00 DEBUG 18648 --- [eimt_lab] [http-nio-8080-exec-3] org.hibernate.SQL                        : select b1_0.id,b1_0.author_id,b1_0.available_copies,b1_0.category,b1_0.created_at,b1_0.name,b1_0.rented,b1_0.state,b1_0.updated_at from books b1_0
2026-04-29T08:44:14.573+02:00 DEBUG 18648 --- [eimt_lab] [http-nio-8080-exec-3] org.hibernate.SQL                        : select a1_0.id,a1_0.country_id,c1_0.id,c1_0.continent,c1_0.name,a1_0.created_at,a1_0.name,a1_0.surname,a1_0.updated_at from authors a1_0 join countries c1_0 on c1_0.id=a1_0.country_id where a1_0.id=?
2026-04-29T08:44:14.574+02:00 TRACE 18648 --- [eimt_lab] [http-nio-8080-exec-3] org.hibernate.orm.jdbc.bind              : binding parameter (1:BIGINT) <- [3]
2026-04-29T08:44:14.578+02:00 DEBUG 18648 --- [eimt_lab] [http-nio-8080-exec-3] org.hibernate.SQL                        : select a1_0.id,a1_0.country_id,c1_0.id,c1_0.continent,c1_0.name,a1_0.created_at,a1_0.name,a1_0.surname,a1_0.updated_at from authors a1_0 join countries c1_0 on c1_0.id=a1_0.country_id where a1_0.id=?
2026-04-29T08:44:14.579+02:00 TRACE 18648 --- [eimt_lab] [http-nio-8080-exec-3] org.hibernate.orm.jdbc.bind              : binding parameter (1:BIGINT) <- [1]
2026-04-29T08:44:14.583+02:00 DEBUG 18648 --- [eimt_lab] [http-nio-8080-exec-3] org.hibernate.SQL                        : select a1_0.id,a1_0.country_id,c1_0.id,c1_0.continent,c1_0.name,a1_0.created_at,a1_0.name,a1_0.surname,a1_0.updated_at from authors a1_0 join countries c1_0 on c1_0.id=a1_0.country_id where a1_0.id=?
2026-04-29T08:44:14.583+02:00 TRACE 18648 --- [eimt_lab] [http-nio-8080-exec-3] org.hibernate.orm.jdbc.bind              : binding parameter (1:BIGINT) <- [2]
2026-04-29T08:44:15.457+02:00 DEBUG 18648 --- [eimt_lab] [http-nio-8080-exec-9] org.hibernate.SQL                        : select b1_0.id,b1_0.author_id,a1_0.id,a1_0.country_id,c1_0.id,c1_0.continent,c1_0.name,a1_0.created_at,a1_0.name,a1_0.surname,a1_0.updated_at,b1_0.available_copies,b1_0.category,b1_0.created_at,b1_0.name,b1_0.rented,b1_0.state,b1_0.updated_at from books b1_0 join authors a1_0 on a1_0.id=b1_0.author_id join countries c1_0 on c1_0.id=a1_0.country_id where b1_0.id=?
2026-04-29T08:44:15.458+02:00 TRACE 18648 --- [eimt_lab] [http-nio-8080-exec-9] org.hibernate.orm.jdbc.bind              : binding parameter (1:BIGINT) <- [3]
2026-04-29T08:44:15.479+02:00 DEBUG 18648 --- [eimt_lab] [http-nio-8080-exec-4] org.hibernate.SQL                        : select b1_0.id,b1_0.author_id,a1_0.id,a1_0.country_id,c1_0.id,c1_0.continent,c1_0.name,a1_0.created_at,a1_0.name,a1_0.surname,a1_0.updated_at,b1_0.available_copies,b1_0.category,b1_0.created_at,b1_0.name,b1_0.rented,b1_0.state,b1_0.updated_at from books b1_0 join authors a1_0 on a1_0.id=b1_0.author_id join countries c1_0 on c1_0.id=a1_0.country_id where b1_0.id=?
2026-04-29T08:44:15.479+02:00 TRACE 18648 --- [eimt_lab] [http-nio-8080-exec-4] org.hibernate.orm.jdbc.bind              : binding parameter (1:BIGINT) <- [3]
2026-04-29T08:44:16.775+02:00 DEBUG 18648 --- [eimt_lab] [http-nio-8080-exec-5] org.hibernate.SQL                        : select b1_0.id,b1_0.author_id,b1_0.available_copies,b1_0.category,b1_0.created_at,b1_0.name,b1_0.rented,b1_0.state,b1_0.updated_at from books b1_0
2026-04-29T08:44:16.780+02:00 DEBUG 18648 --- [eimt_lab] [http-nio-8080-exec-5] org.hibernate.SQL                        : select a1_0.id,a1_0.country_id,c1_0.id,c1_0.continent,c1_0.name,a1_0.created_at,a1_0.name,a1_0.surname,a1_0.updated_at from authors a1_0 join countries c1_0 on c1_0.id=a1_0.country_id where a1_0.id=?
2026-04-29T08:44:16.780+02:00 TRACE 18648 --- [eimt_lab] [http-nio-8080-exec-5] org.hibernate.orm.jdbc.bind              : binding parameter (1:BIGINT) <- [3]
2026-04-29T08:44:16.784+02:00 DEBUG 18648 --- [eimt_lab] [http-nio-8080-exec-5] org.hibernate.SQL                        : select a1_0.id,a1_0.country_id,c1_0.id,c1_0.continent,c1_0.name,a1_0.created_at,a1_0.name,a1_0.surname,a1_0.updated_at from authors a1_0 join countries c1_0 on c1_0.id=a1_0.country_id where a1_0.id=?
2026-04-29T08:44:16.785+02:00 TRACE 18648 --- [eimt_lab] [http-nio-8080-exec-5] org.hibernate.orm.jdbc.bind              : binding parameter (1:BIGINT) <- [1]
2026-04-29T08:44:16.791+02:00 DEBUG 18648 --- [eimt_lab] [http-nio-8080-exec-5] org.hibernate.SQL                        : select a1_0.id,a1_0.country_id,c1_0.id,c1_0.continent,c1_0.name,a1_0.created_at,a1_0.name,a1_0.surname,a1_0.updated_at from authors a1_0 join countries c1_0 on c1_0.id=a1_0.country_id where a1_0.id=?
2026-04-29T08:44:16.792+02:00 TRACE 18648 --- [eimt_lab] [http-nio-8080-exec-5] org.hibernate.orm.jdbc.bind              : binding parameter (1:BIGINT) <- [2]
2026-04-29T08:44:16.807+02:00 DEBUG 18648 --- [eimt_lab] [http-nio-8080-exec-6] org.hibernate.SQL                        : select b1_0.id,b1_0.author_id,b1_0.available_copies,b1_0.category,b1_0.created_at,b1_0.name,b1_0.rented,b1_0.state,b1_0.updated_at from books b1_0
2026-04-29T08:44:16.812+02:00 DEBUG 18648 --- [eimt_lab] [http-nio-8080-exec-6] org.hibernate.SQL                        : select a1_0.id,a1_0.country_id,c1_0.id,c1_0.continent,c1_0.name,a1_0.created_at,a1_0.name,a1_0.surname,a1_0.updated_at from authors a1_0 join countries c1_0 on c1_0.id=a1_0.country_id where a1_0.id=?
2026-04-29T08:44:16.812+02:00 TRACE 18648 --- [eimt_lab] [http-nio-8080-exec-6] org.hibernate.orm.jdbc.bind              : binding parameter (1:BIGINT) <- [3]
2026-04-29T08:44:16.816+02:00 DEBUG 18648 --- [eimt_lab] [http-nio-8080-exec-6] org.hibernate.SQL                        : select a1_0.id,a1_0.country_id,c1_0.id,c1_0.continent,c1_0.name,a1_0.created_at,a1_0.name,a1_0.surname,a1_0.updated_at from authors a1_0 join countries c1_0 on c1_0.id=a1_0.country_id where a1_0.id=?
2026-04-29T08:44:16.816+02:00 TRACE 18648 --- [eimt_lab] [http-nio-8080-exec-6] org.hibernate.orm.jdbc.bind              : binding parameter (1:BIGINT) <- [1]
2026-04-29T08:44:16.821+02:00 DEBUG 18648 --- [eimt_lab] [http-nio-8080-exec-6] org.hibernate.SQL                        : select a1_0.id,a1_0.country_id,c1_0.id,c1_0.continent,c1_0.name,a1_0.created_at,a1_0.name,a1_0.surname,a1_0.updated_at from authors a1_0 join countries c1_0 on c1_0.id=a1_0.country_id where a1_0.id=?
2026-04-29T08:44:16.821+02:00 TRACE 18648 --- [eimt_lab] [http-nio-8080-exec-6] org.hibernate.orm.jdbc.bind              : binding parameter (1:BIGINT) <- [2]
2026-04-29T08:44:17.630+02:00 DEBUG 18648 --- [eimt_lab] [http-nio-8080-exec-7] org.hibernate.SQL                        : select a1_0.id,a1_0.country_id,a1_0.created_at,a1_0.name,a1_0.surname,a1_0.updated_at from authors a1_0
2026-04-29T08:44:17.633+02:00 DEBUG 18648 --- [eimt_lab] [http-nio-8080-exec-7] org.hibernate.SQL                        : select c1_0.id,c1_0.continent,c1_0.name from countries c1_0 where c1_0.id=?
2026-04-29T08:44:17.634+02:00 TRACE 18648 --- [eimt_lab] [http-nio-8080-exec-7] org.hibernate.orm.jdbc.bind              : binding parameter (1:BIGINT) <- [1]
2026-04-29T08:44:17.640+02:00 DEBUG 18648 --- [eimt_lab] [http-nio-8080-exec-7] org.hibernate.SQL                        : select c1_0.id,c1_0.continent,c1_0.name from countries c1_0 where c1_0.id=?
2026-04-29T08:44:17.641+02:00 TRACE 18648 --- [eimt_lab] [http-nio-8080-exec-7] org.hibernate.orm.jdbc.bind              : binding parameter (1:BIGINT) <- [2]
2026-04-29T08:44:17.644+02:00 DEBUG 18648 --- [eimt_lab] [http-nio-8080-exec-7] org.hibernate.SQL                        : select c1_0.id,c1_0.continent,c1_0.name from countries c1_0 where c1_0.id=?
2026-04-29T08:44:17.644+02:00 TRACE 18648 --- [eimt_lab] [http-nio-8080-exec-7] org.hibernate.orm.jdbc.bind              : binding parameter (1:BIGINT) <- [3]
2026-04-29T08:44:17.661+02:00 DEBUG 18648 --- [eimt_lab] [http-nio-8080-exec-8] org.hibernate.SQL                        : select a1_0.id,a1_0.country_id,a1_0.created_at,a1_0.name,a1_0.surname,a1_0.updated_at from authors a1_0
2026-04-29T08:44:17.665+02:00 DEBUG 18648 --- [eimt_lab] [http-nio-8080-exec-8] org.hibernate.SQL                        : select c1_0.id,c1_0.continent,c1_0.name from countries c1_0 where c1_0.id=?
2026-04-29T08:44:17.665+02:00 TRACE 18648 --- [eimt_lab] [http-nio-8080-exec-8] org.hibernate.orm.jdbc.bind              : binding parameter (1:BIGINT) <- [1]
2026-04-29T08:44:17.668+02:00 DEBUG 18648 --- [eimt_lab] [http-nio-8080-exec-8] org.hibernate.SQL                        : select c1_0.id,c1_0.continent,c1_0.name from countries c1_0 where c1_0.id=?
2026-04-29T08:44:17.669+02:00 TRACE 18648 --- [eimt_lab] [http-nio-8080-exec-8] org.hibernate.orm.jdbc.bind              : binding parameter (1:BIGINT) <- [2]
2026-04-29T08:44:17.673+02:00 DEBUG 18648 --- [eimt_lab] [http-nio-8080-exec-8] org.hibernate.SQL                        : select c1_0.id,c1_0.continent,c1_0.name from countries c1_0 where c1_0.id=?
2026-04-29T08:44:17.673+02:00 TRACE 18648 --- [eimt_lab] [http-nio-8080-exec-8] org.hibernate.orm.jdbc.bind              : binding parameter (1:BIGINT) <- [3]
2026-04-29T08:44:18.519+02:00 DEBUG 18648 --- [eimt_lab] [http-nio-8080-exec-2] org.hibernate.SQL                        : select a1_0.id,a1_0.country_id,c1_0.id,c1_0.continent,c1_0.name,a1_0.created_at,a1_0.name,a1_0.surname,a1_0.updated_at from authors a1_0 join countries c1_0 on c1_0.id=a1_0.country_id where a1_0.id=?
2026-04-29T08:44:18.520+02:00 TRACE 18648 --- [eimt_lab] [http-nio-8080-exec-2] org.hibernate.orm.jdbc.bind              : binding parameter (1:BIGINT) <- [1]
2026-04-29T08:44:18.537+02:00 DEBUG 18648 --- [eimt_lab] [http-nio-8080-exec-10] org.hibernate.SQL                        : select a1_0.id,a1_0.country_id,c1_0.id,c1_0.continent,c1_0.name,a1_0.created_at,a1_0.name,a1_0.surname,a1_0.updated_at from authors a1_0 join countries c1_0 on c1_0.id=a1_0.country_id where a1_0.id=?
2026-04-29T08:44:18.538+02:00 TRACE 18648 --- [eimt_lab] [http-nio-8080-exec-10] org.hibernate.orm.jdbc.bind              : binding parameter (1:BIGINT) <- [1]
2026-04-29T08:44:19.212+02:00 DEBUG 18648 --- [eimt_lab] [http-nio-8080-exec-1] org.hibernate.SQL                        : select a1_0.id,a1_0.country_id,a1_0.created_at,a1_0.name,a1_0.surname,a1_0.updated_at from authors a1_0
2026-04-29T08:44:19.216+02:00 DEBUG 18648 --- [eimt_lab] [http-nio-8080-exec-1] org.hibernate.SQL                        : select c1_0.id,c1_0.continent,c1_0.name from countries c1_0 where c1_0.id=?
2026-04-29T08:44:19.216+02:00 TRACE 18648 --- [eimt_lab] [http-nio-8080-exec-1] org.hibernate.orm.jdbc.bind              : binding parameter (1:BIGINT) <- [1]
2026-04-29T08:44:19.220+02:00 DEBUG 18648 --- [eimt_lab] [http-nio-8080-exec-1] org.hibernate.SQL                        : select c1_0.id,c1_0.continent,c1_0.name from countries c1_0 where c1_0.id=?
2026-04-29T08:44:19.221+02:00 TRACE 18648 --- [eimt_lab] [http-nio-8080-exec-1] org.hibernate.orm.jdbc.bind              : binding parameter (1:BIGINT) <- [2]
2026-04-29T08:44:19.225+02:00 DEBUG 18648 --- [eimt_lab] [http-nio-8080-exec-1] org.hibernate.SQL                        : select c1_0.id,c1_0.continent,c1_0.name from countries c1_0 where c1_0.id=?
2026-04-29T08:44:19.226+02:00 TRACE 18648 --- [eimt_lab] [http-nio-8080-exec-1] org.hibernate.orm.jdbc.bind              : binding parameter (1:BIGINT) <- [3]
2026-04-29T08:44:19.240+02:00 DEBUG 18648 --- [eimt_lab] [http-nio-8080-exec-3] org.hibernate.SQL                        : select a1_0.id,a1_0.country_id,a1_0.created_at,a1_0.name,a1_0.surname,a1_0.updated_at from authors a1_0
2026-04-29T08:44:19.245+02:00 DEBUG 18648 --- [eimt_lab] [http-nio-8080-exec-3] org.hibernate.SQL                        : select c1_0.id,c1_0.continent,c1_0.name from countries c1_0 where c1_0.id=?
2026-04-29T08:44:19.246+02:00 TRACE 18648 --- [eimt_lab] [http-nio-8080-exec-3] org.hibernate.orm.jdbc.bind              : binding parameter (1:BIGINT) <- [1]
2026-04-29T08:44:19.249+02:00 DEBUG 18648 --- [eimt_lab] [http-nio-8080-exec-3] org.hibernate.SQL                        : select c1_0.id,c1_0.continent,c1_0.name from countries c1_0 where c1_0.id=?
2026-04-29T08:44:19.250+02:00 TRACE 18648 --- [eimt_lab] [http-nio-8080-exec-3] org.hibernate.orm.jdbc.bind              : binding parameter (1:BIGINT) <- [2]
2026-04-29T08:44:19.253+02:00 DEBUG 18648 --- [eimt_lab] [http-nio-8080-exec-3] org.hibernate.SQL                        : select c1_0.id,c1_0.continent,c1_0.name from countries c1_0 where c1_0.id=?
2026-04-29T08:44:19.254+02:00 TRACE 18648 --- [eimt_lab] [http-nio-8080-exec-3] org.hibernate.orm.jdbc.bind              : binding parameter (1:BIGINT) <- [3]
2026-04-29T08:44:19.966+02:00 DEBUG 18648 --- [eimt_lab] [http-nio-8080-exec-9] org.hibernate.SQL                        : select c1_0.id,c1_0.continent,c1_0.name from countries c1_0
2026-04-29T08:44:19.981+02:00 DEBUG 18648 --- [eimt_lab] [http-nio-8080-exec-4] org.hibernate.SQL                        : select c1_0.id,c1_0.continent,c1_0.name from countries c1_0
2026-04-29T08:44:20.567+02:00 DEBUG 18648 --- [eimt_lab] [http-nio-8080-exec-5] org.hibernate.SQL                        : select c1_0.id,c1_0.continent,c1_0.name from countries c1_0 where c1_0.id=?
2026-04-29T08:44:20.568+02:00 TRACE 18648 --- [eimt_lab] [http-nio-8080-exec-5] org.hibernate.orm.jdbc.bind              : binding parameter (1:BIGINT) <- [1]
2026-04-29T08:44:20.583+02:00 DEBUG 18648 --- [eimt_lab] [http-nio-8080-exec-6] org.hibernate.SQL                        : select c1_0.id,c1_0.continent,c1_0.name from countries c1_0 where c1_0.id=?
2026-04-29T08:44:20.583+02:00 TRACE 18648 --- [eimt_lab] [http-nio-8080-exec-6] org.hibernate.orm.jdbc.bind              : binding parameter (1:BIGINT) <- [1]
2026-04-29T08:44:21.487+02:00 DEBUG 18648 --- [eimt_lab] [http-nio-8080-exec-7] org.hibernate.SQL                        : select c1_0.id,c1_0.continent,c1_0.name from countries c1_0
2026-04-29T08:44:21.499+02:00 DEBUG 18648 --- [eimt_lab] [http-nio-8080-exec-8] org.hibernate.SQL                        : select c1_0.id,c1_0.continent,c1_0.name from countries c1_0
2026-04-29T08:45:30.430+02:00  INFO 18648 --- [eimt_lab] [SpringApplicationShutdownHook] com.zaxxer.hikari.HikariDataSource       : HikariPool-1 - Shutdown initiated...
2026-04-29T08:45:30.448+02:00  INFO 18648 --- [eimt_lab] [SpringApplicationShutdownHook] com.zaxxer.hikari.HikariDataSource       : HikariPool-1 - Shutdown completed.
2026-04-29T08:45:33.449+02:00  INFO 25352 --- [eimt_lab] [main] m.u.f.wp.eimt_lab.EimtLabApplication     : Starting EimtLabApplication using Java 23 with PID 25352 (C:\desktop\eimt_lab\target\classes started by HP in C:\desktop\eimt_lab)
2026-04-29T08:45:33.450+02:00  INFO 25352 --- [eimt_lab] [main] m.u.f.wp.eimt_lab.EimtLabApplication     : The following 1 profile is active: "dev"
2026-04-29T08:45:34.993+02:00  INFO 25352 --- [eimt_lab] [main] o.apache.catalina.core.StandardService   : Starting service [Tomcat]
2026-04-29T08:45:34.994+02:00  INFO 25352 --- [eimt_lab] [main] o.apache.catalina.core.StandardEngine    : Starting Servlet engine: [Apache Tomcat/10.1.36]
2026-04-29T08:45:35.042+02:00  INFO 25352 --- [eimt_lab] [main] o.a.c.c.C.[Tomcat].[localhost].[/]       : Initializing Spring embedded WebApplicationContext
2026-04-29T08:45:35.252+02:00  INFO 25352 --- [eimt_lab] [main] com.zaxxer.hikari.HikariDataSource       : HikariPool-1 - Starting...
2026-04-29T08:45:35.382+02:00  INFO 25352 --- [eimt_lab] [main] com.zaxxer.hikari.pool.HikariPool        : HikariPool-1 - Added connection org.postgresql.jdbc.PgConnection@2ab09943
2026-04-29T08:45:35.383+02:00  INFO 25352 --- [eimt_lab] [main] com.zaxxer.hikari.HikariDataSource       : HikariPool-1 - Start completed.
2026-04-29T08:45:35.410+02:00  INFO 25352 --- [eimt_lab] [main] org.flywaydb.core.FlywayExecutor         : Database: jdbc:postgresql://localhost:5433/eimt_lab (PostgreSQL 17.4)
2026-04-29T08:45:35.494+02:00  INFO 25352 --- [eimt_lab] [main] o.f.core.internal.command.DbValidate     : Successfully validated 7 migrations (execution time 00:00.049s)
2026-04-29T08:45:35.529+02:00  INFO 25352 --- [eimt_lab] [main] o.f.core.internal.command.DbMigrate      : Current version of schema "public": 7
2026-04-29T08:45:35.533+02:00  INFO 25352 --- [eimt_lab] [main] o.f.core.internal.command.DbMigrate      : Schema "public" is up to date. No migration necessary.
2026-04-29T08:45:35.622+02:00  INFO 25352 --- [eimt_lab] [main] o.hibernate.jpa.internal.util.LogHelper  : HHH000204: Processing PersistenceUnitInfo [name: default]
2026-04-29T08:45:35.695+02:00  INFO 25352 --- [eimt_lab] [main] org.hibernate.Version                    : HHH000412: Hibernate ORM core version 6.6.8.Final
2026-04-29T08:45:35.745+02:00  INFO 25352 --- [eimt_lab] [main] o.h.c.internal.RegionFactoryInitiator    : HHH000026: Second-level cache disabled
2026-04-29T08:45:36.098+02:00  INFO 25352 --- [eimt_lab] [main] org.hibernate.orm.connections.pooling    : HHH10001005: Database info:
	Database JDBC URL [Connecting through datasource 'HikariDataSource (HikariPool-1)']
	Database driver: undefined/unknown
	Database version: 17.4
	Autocommit mode: undefined/unknown
	Isolation level: undefined/unknown
	Minimum pool size: undefined/unknown
	Maximum pool size: undefined/unknown
2026-04-29T08:45:37.077+02:00  INFO 25352 --- [eimt_lab] [main] o.h.e.t.j.p.i.JtaPlatformInitiator       : HHH000489: No JTA platform available (set 'hibernate.transaction.jta.platform' to enable JTA platform integration)
2026-04-29T08:45:38.055+02:00  WARN 25352 --- [eimt_lab] [main] JpaBaseConfiguration$JpaWebConfiguration : spring.jpa.open-in-view is enabled by default. Therefore, database queries may be performed during view rendering. Explicitly configure spring.jpa.open-in-view to disable this warning
2026-04-29T08:45:38.809+02:00  INFO 25352 --- [eimt_lab] [main] m.u.f.wp.eimt_lab.EimtLabApplication     : Started EimtLabApplication in 5.907 seconds (process running for 6.77)
2026-04-29T08:46:01.790+02:00  INFO 25352 --- [eimt_lab] [http-nio-8080-exec-1] o.a.c.c.C.[Tomcat].[localhost].[/]       : Initializing Spring DispatcherServlet 'dispatcherServlet'
2026-04-29T08:46:02.129+02:00 DEBUG 25352 --- [eimt_lab] [http-nio-8080-exec-1] org.hibernate.SQL                        : select c1_0.id,c1_0.continent,c1_0.name from countries c1_0
2026-04-29T08:46:02.296+02:00 DEBUG 25352 --- [eimt_lab] [http-nio-8080-exec-2] org.hibernate.SQL                        : select c1_0.id,c1_0.continent,c1_0.name from countries c1_0
2026-04-29T08:46:48.582+02:00 DEBUG 25352 --- [eimt_lab] [http-nio-8080-exec-9] org.hibernate.SQL                        : select u1_0.id,u1_0.email,u1_0.name,u1_0.surname from library_users u1_0
2026-04-29T08:46:48.608+02:00 DEBUG 25352 --- [eimt_lab] [http-nio-8080-exec-4] org.hibernate.SQL                        : select u1_0.id,u1_0.email,u1_0.name,u1_0.surname from library_users u1_0
2026-04-29T08:46:51.979+02:00 DEBUG 25352 --- [eimt_lab] [http-nio-8080-exec-5] org.hibernate.SQL                        : select u1_0.id,u1_0.email,u1_0.name,u1_0.surname from library_users u1_0
2026-04-29T08:46:52.002+02:00 DEBUG 25352 --- [eimt_lab] [http-nio-8080-exec-6] org.hibernate.SQL                        : select u1_0.id,u1_0.email,u1_0.name,u1_0.surname from library_users u1_0
2026-04-29T08:47:08.377+02:00 DEBUG 25352 --- [eimt_lab] [http-nio-8080-exec-10] org.hibernate.SQL                        : select u1_0.id,u1_0.email,u1_0.name,u1_0.surname from library_users u1_0
2026-04-29T08:47:08.395+02:00 DEBUG 25352 --- [eimt_lab] [http-nio-8080-exec-1] org.hibernate.SQL                        : select u1_0.id,u1_0.email,u1_0.name,u1_0.surname from library_users u1_0
2026-04-29T08:47:14.537+02:00 DEBUG 25352 --- [eimt_lab] [http-nio-8080-exec-2] org.hibernate.SQL                        : select b1_0.id,b1_0.author_id,b1_0.available_copies,b1_0.category,b1_0.created_at,b1_0.name,b1_0.rented,b1_0.state,b1_0.updated_at from books b1_0
2026-04-29T08:47:14.561+02:00 DEBUG 25352 --- [eimt_lab] [http-nio-8080-exec-2] org.hibernate.SQL                        : select a1_0.id,a1_0.country_id,c1_0.id,c1_0.continent,c1_0.name,a1_0.created_at,a1_0.name,a1_0.surname,a1_0.updated_at from authors a1_0 join countries c1_0 on c1_0.id=a1_0.country_id where a1_0.id=?
2026-04-29T08:47:14.562+02:00 TRACE 25352 --- [eimt_lab] [http-nio-8080-exec-2] org.hibernate.orm.jdbc.bind              : binding parameter (1:BIGINT) <- [3]
2026-04-29T08:47:14.572+02:00 DEBUG 25352 --- [eimt_lab] [http-nio-8080-exec-2] org.hibernate.SQL                        : select a1_0.id,a1_0.country_id,c1_0.id,c1_0.continent,c1_0.name,a1_0.created_at,a1_0.name,a1_0.surname,a1_0.updated_at from authors a1_0 join countries c1_0 on c1_0.id=a1_0.country_id where a1_0.id=?
2026-04-29T08:47:14.573+02:00 TRACE 25352 --- [eimt_lab] [http-nio-8080-exec-2] org.hibernate.orm.jdbc.bind              : binding parameter (1:BIGINT) <- [1]
2026-04-29T08:47:14.576+02:00 DEBUG 25352 --- [eimt_lab] [http-nio-8080-exec-2] org.hibernate.SQL                        : select a1_0.id,a1_0.country_id,c1_0.id,c1_0.continent,c1_0.name,a1_0.created_at,a1_0.name,a1_0.surname,a1_0.updated_at from authors a1_0 join countries c1_0 on c1_0.id=a1_0.country_id where a1_0.id=?
2026-04-29T08:47:14.577+02:00 TRACE 25352 --- [eimt_lab] [http-nio-8080-exec-2] org.hibernate.orm.jdbc.bind              : binding parameter (1:BIGINT) <- [2]
2026-04-29T08:47:14.604+02:00 DEBUG 25352 --- [eimt_lab] [http-nio-8080-exec-9] org.hibernate.SQL                        : select b1_0.id,b1_0.author_id,b1_0.available_copies,b1_0.category,b1_0.created_at,b1_0.name,b1_0.rented,b1_0.state,b1_0.updated_at from books b1_0
2026-04-29T08:47:14.609+02:00 DEBUG 25352 --- [eimt_lab] [http-nio-8080-exec-9] org.hibernate.SQL                        : select a1_0.id,a1_0.country_id,c1_0.id,c1_0.continent,c1_0.name,a1_0.created_at,a1_0.name,a1_0.surname,a1_0.updated_at from authors a1_0 join countries c1_0 on c1_0.id=a1_0.country_id where a1_0.id=?
2026-04-29T08:47:14.609+02:00 TRACE 25352 --- [eimt_lab] [http-nio-8080-exec-9] org.hibernate.orm.jdbc.bind              : binding parameter (1:BIGINT) <- [3]
2026-04-29T08:47:14.614+02:00 DEBUG 25352 --- [eimt_lab] [http-nio-8080-exec-9] org.hibernate.SQL                        : select a1_0.id,a1_0.country_id,c1_0.id,c1_0.continent,c1_0.name,a1_0.created_at,a1_0.name,a1_0.surname,a1_0.updated_at from authors a1_0 join countries c1_0 on c1_0.id=a1_0.country_id where a1_0.id=?
2026-04-29T08:47:14.615+02:00 TRACE 25352 --- [eimt_lab] [http-nio-8080-exec-9] org.hibernate.orm.jdbc.bind              : binding parameter (1:BIGINT) <- [1]
2026-04-29T08:47:14.621+02:00 DEBUG 25352 --- [eimt_lab] [http-nio-8080-exec-9] org.hibernate.SQL                        : select a1_0.id,a1_0.country_id,c1_0.id,c1_0.continent,c1_0.name,a1_0.created_at,a1_0.name,a1_0.surname,a1_0.updated_at from authors a1_0 join countries c1_0 on c1_0.id=a1_0.country_id where a1_0.id=?
2026-04-29T08:47:14.621+02:00 TRACE 25352 --- [eimt_lab] [http-nio-8080-exec-9] org.hibernate.orm.jdbc.bind              : binding parameter (1:BIGINT) <- [2]
2026-04-29T08:47:26.072+02:00 DEBUG 25352 --- [eimt_lab] [http-nio-8080-exec-4] org.hibernate.SQL                        : select u1_0.id,u1_0.email,u1_0.name,u1_0.surname from library_users u1_0
2026-04-29T08:47:26.087+02:00 DEBUG 25352 --- [eimt_lab] [http-nio-8080-exec-5] org.hibernate.SQL                        : select u1_0.id,u1_0.email,u1_0.name,u1_0.surname from library_users u1_0
2026-04-29T08:47:31.681+02:00 DEBUG 25352 --- [eimt_lab] [http-nio-8080-exec-6] org.hibernate.SQL                        : select c1_0.id,c1_0.continent,c1_0.name from countries c1_0
2026-04-29T08:47:31.694+02:00 DEBUG 25352 --- [eimt_lab] [http-nio-8080-exec-7] org.hibernate.SQL                        : select c1_0.id,c1_0.continent,c1_0.name from countries c1_0
2026-04-29T08:47:33.037+02:00 DEBUG 25352 --- [eimt_lab] [http-nio-8080-exec-3] org.hibernate.SQL                        : select c1_0.id,c1_0.continent,c1_0.name from countries c1_0 where c1_0.id=?
2026-04-29T08:47:33.038+02:00 TRACE 25352 --- [eimt_lab] [http-nio-8080-exec-3] org.hibernate.orm.jdbc.bind              : binding parameter (1:BIGINT) <- [1]
2026-04-29T08:47:33.052+02:00 DEBUG 25352 --- [eimt_lab] [http-nio-8080-exec-8] org.hibernate.SQL                        : select c1_0.id,c1_0.continent,c1_0.name from countries c1_0 where c1_0.id=?
2026-04-29T08:47:33.052+02:00 TRACE 25352 --- [eimt_lab] [http-nio-8080-exec-8] org.hibernate.orm.jdbc.bind              : binding parameter (1:BIGINT) <- [1]
2026-04-29T08:47:35.522+02:00 DEBUG 25352 --- [eimt_lab] [http-nio-8080-exec-10] org.hibernate.SQL                        : select c1_0.id,c1_0.continent,c1_0.name from countries c1_0
2026-04-29T08:47:35.539+02:00 DEBUG 25352 --- [eimt_lab] [http-nio-8080-exec-1] org.hibernate.SQL                        : select c1_0.id,c1_0.continent,c1_0.name from countries c1_0
2026-04-29T08:47:38.778+02:00 DEBUG 25352 --- [eimt_lab] [http-nio-8080-exec-2] org.hibernate.SQL                        : select b1_0.id,b1_0.author_id,b1_0.available_copies,b1_0.category,b1_0.created_at,b1_0.name,b1_0.rented,b1_0.state,b1_0.updated_at from books b1_0
2026-04-29T08:47:38.783+02:00 DEBUG 25352 --- [eimt_lab] [http-nio-8080-exec-2] org.hibernate.SQL                        : select a1_0.id,a1_0.country_id,c1_0.id,c1_0.continent,c1_0.name,a1_0.created_at,a1_0.name,a1_0.surname,a1_0.updated_at from authors a1_0 join countries c1_0 on c1_0.id=a1_0.country_id where a1_0.id=?
2026-04-29T08:47:38.785+02:00 TRACE 25352 --- [eimt_lab] [http-nio-8080-exec-2] org.hibernate.orm.jdbc.bind              : binding parameter (1:BIGINT) <- [3]
2026-04-29T08:47:38.790+02:00 DEBUG 25352 --- [eimt_lab] [http-nio-8080-exec-2] org.hibernate.SQL                        : select a1_0.id,a1_0.country_id,c1_0.id,c1_0.continent,c1_0.name,a1_0.created_at,a1_0.name,a1_0.surname,a1_0.updated_at from authors a1_0 join countries c1_0 on c1_0.id=a1_0.country_id where a1_0.id=?
2026-04-29T08:47:38.791+02:00 TRACE 25352 --- [eimt_lab] [http-nio-8080-exec-2] org.hibernate.orm.jdbc.bind              : binding parameter (1:BIGINT) <- [1]
2026-04-29T08:47:38.795+02:00 DEBUG 25352 --- [eimt_lab] [http-nio-8080-exec-2] org.hibernate.SQL                        : select a1_0.id,a1_0.country_id,c1_0.id,c1_0.continent,c1_0.name,a1_0.created_at,a1_0.name,a1_0.surname,a1_0.updated_at from authors a1_0 join countries c1_0 on c1_0.id=a1_0.country_id where a1_0.id=?
2026-04-29T08:47:38.796+02:00 TRACE 25352 --- [eimt_lab] [http-nio-8080-exec-2] org.hibernate.orm.jdbc.bind              : binding parameter (1:BIGINT) <- [2]
2026-04-29T08:47:38.809+02:00 DEBUG 25352 --- [eimt_lab] [http-nio-8080-exec-9] org.hibernate.SQL                        : select b1_0.id,b1_0.author_id,b1_0.available_copies,b1_0.category,b1_0.created_at,b1_0.name,b1_0.rented,b1_0.state,b1_0.updated_at from books b1_0
2026-04-29T08:47:38.812+02:00 DEBUG 25352 --- [eimt_lab] [http-nio-8080-exec-9] org.hibernate.SQL                        : select a1_0.id,a1_0.country_id,c1_0.id,c1_0.continent,c1_0.name,a1_0.created_at,a1_0.name,a1_0.surname,a1_0.updated_at from authors a1_0 join countries c1_0 on c1_0.id=a1_0.country_id where a1_0.id=?
2026-04-29T08:47:38.813+02:00 TRACE 25352 --- [eimt_lab] [http-nio-8080-exec-9] org.hibernate.orm.jdbc.bind              : binding parameter (1:BIGINT) <- [3]
2026-04-29T08:47:38.817+02:00 DEBUG 25352 --- [eimt_lab] [http-nio-8080-exec-9] org.hibernate.SQL                        : select a1_0.id,a1_0.country_id,c1_0.id,c1_0.continent,c1_0.name,a1_0.created_at,a1_0.name,a1_0.surname,a1_0.updated_at from authors a1_0 join countries c1_0 on c1_0.id=a1_0.country_id where a1_0.id=?
2026-04-29T08:47:38.818+02:00 TRACE 25352 --- [eimt_lab] [http-nio-8080-exec-9] org.hibernate.orm.jdbc.bind              : binding parameter (1:BIGINT) <- [1]
2026-04-29T08:47:38.822+02:00 DEBUG 25352 --- [eimt_lab] [http-nio-8080-exec-9] org.hibernate.SQL                        : select a1_0.id,a1_0.country_id,c1_0.id,c1_0.continent,c1_0.name,a1_0.created_at,a1_0.name,a1_0.surname,a1_0.updated_at from authors a1_0 join countries c1_0 on c1_0.id=a1_0.country_id where a1_0.id=?
2026-04-29T08:47:38.822+02:00 TRACE 25352 --- [eimt_lab] [http-nio-8080-exec-9] org.hibernate.orm.jdbc.bind              : binding parameter (1:BIGINT) <- [2]
2026-04-29T08:47:40.608+02:00 DEBUG 25352 --- [eimt_lab] [http-nio-8080-exec-4] org.hibernate.SQL                        : select b1_0.id,b1_0.author_id,a1_0.id,a1_0.country_id,c1_0.id,c1_0.continent,c1_0.name,a1_0.created_at,a1_0.name,a1_0.surname,a1_0.updated_at,b1_0.available_copies,b1_0.category,b1_0.created_at,b1_0.name,b1_0.rented,b1_0.state,b1_0.updated_at from books b1_0 join authors a1_0 on a1_0.id=b1_0.author_id join countries c1_0 on c1_0.id=a1_0.country_id where b1_0.id=?
2026-04-29T08:47:40.608+02:00 TRACE 25352 --- [eimt_lab] [http-nio-8080-exec-4] org.hibernate.orm.jdbc.bind              : binding parameter (1:BIGINT) <- [3]
2026-04-29T08:47:40.628+02:00 DEBUG 25352 --- [eimt_lab] [http-nio-8080-exec-5] org.hibernate.SQL                        : select b1_0.id,b1_0.author_id,a1_0.id,a1_0.country_id,c1_0.id,c1_0.continent,c1_0.name,a1_0.created_at,a1_0.name,a1_0.surname,a1_0.updated_at,b1_0.available_copies,b1_0.category,b1_0.created_at,b1_0.name,b1_0.rented,b1_0.state,b1_0.updated_at from books b1_0 join authors a1_0 on a1_0.id=b1_0.author_id join countries c1_0 on c1_0.id=a1_0.country_id where b1_0.id=?
2026-04-29T08:47:40.628+02:00 TRACE 25352 --- [eimt_lab] [http-nio-8080-exec-5] org.hibernate.orm.jdbc.bind              : binding parameter (1:BIGINT) <- [3]
2026-04-29T08:47:43.389+02:00 DEBUG 25352 --- [eimt_lab] [http-nio-8080-exec-6] org.hibernate.SQL                        : select b1_0.id,b1_0.author_id,b1_0.available_copies,b1_0.category,b1_0.created_at,b1_0.name,b1_0.rented,b1_0.state,b1_0.updated_at from books b1_0
2026-04-29T08:47:43.396+02:00 DEBUG 25352 --- [eimt_lab] [http-nio-8080-exec-6] org.hibernate.SQL                        : select a1_0.id,a1_0.country_id,c1_0.id,c1_0.continent,c1_0.name,a1_0.created_at,a1_0.name,a1_0.surname,a1_0.updated_at from authors a1_0 join countries c1_0 on c1_0.id=a1_0.country_id where a1_0.id=?
2026-04-29T08:47:43.397+02:00 TRACE 25352 --- [eimt_lab] [http-nio-8080-exec-6] org.hibernate.orm.jdbc.bind              : binding parameter (1:BIGINT) <- [3]
2026-04-29T08:47:43.404+02:00 DEBUG 25352 --- [eimt_lab] [http-nio-8080-exec-6] org.hibernate.SQL                        : select a1_0.id,a1_0.country_id,c1_0.id,c1_0.continent,c1_0.name,a1_0.created_at,a1_0.name,a1_0.surname,a1_0.updated_at from authors a1_0 join countries c1_0 on c1_0.id=a1_0.country_id where a1_0.id=?
2026-04-29T08:47:43.404+02:00 TRACE 25352 --- [eimt_lab] [http-nio-8080-exec-6] org.hibernate.orm.jdbc.bind              : binding parameter (1:BIGINT) <- [1]
2026-04-29T08:47:43.411+02:00 DEBUG 25352 --- [eimt_lab] [http-nio-8080-exec-6] org.hibernate.SQL                        : select a1_0.id,a1_0.country_id,c1_0.id,c1_0.continent,c1_0.name,a1_0.created_at,a1_0.name,a1_0.surname,a1_0.updated_at from authors a1_0 join countries c1_0 on c1_0.id=a1_0.country_id where a1_0.id=?
2026-04-29T08:47:43.412+02:00 TRACE 25352 --- [eimt_lab] [http-nio-8080-exec-6] org.hibernate.orm.jdbc.bind              : binding parameter (1:BIGINT) <- [2]
2026-04-29T08:47:43.431+02:00 DEBUG 25352 --- [eimt_lab] [http-nio-8080-exec-7] org.hibernate.SQL                        : select b1_0.id,b1_0.author_id,b1_0.available_copies,b1_0.category,b1_0.created_at,b1_0.name,b1_0.rented,b1_0.state,b1_0.updated_at from books b1_0
2026-04-29T08:47:43.436+02:00 DEBUG 25352 --- [eimt_lab] [http-nio-8080-exec-7] org.hibernate.SQL                        : select a1_0.id,a1_0.country_id,c1_0.id,c1_0.continent,c1_0.name,a1_0.created_at,a1_0.name,a1_0.surname,a1_0.updated_at from authors a1_0 join countries c1_0 on c1_0.id=a1_0.country_id where a1_0.id=?
2026-04-29T08:47:43.436+02:00 TRACE 25352 --- [eimt_lab] [http-nio-8080-exec-7] org.hibernate.orm.jdbc.bind              : binding parameter (1:BIGINT) <- [3]
2026-04-29T08:47:43.442+02:00 DEBUG 25352 --- [eimt_lab] [http-nio-8080-exec-7] org.hibernate.SQL                        : select a1_0.id,a1_0.country_id,c1_0.id,c1_0.continent,c1_0.name,a1_0.created_at,a1_0.name,a1_0.surname,a1_0.updated_at from authors a1_0 join countries c1_0 on c1_0.id=a1_0.country_id where a1_0.id=?
2026-04-29T08:47:43.443+02:00 TRACE 25352 --- [eimt_lab] [http-nio-8080-exec-7] org.hibernate.orm.jdbc.bind              : binding parameter (1:BIGINT) <- [1]
2026-04-29T08:47:43.447+02:00 DEBUG 25352 --- [eimt_lab] [http-nio-8080-exec-7] org.hibernate.SQL                        : select a1_0.id,a1_0.country_id,c1_0.id,c1_0.continent,c1_0.name,a1_0.created_at,a1_0.name,a1_0.surname,a1_0.updated_at from authors a1_0 join countries c1_0 on c1_0.id=a1_0.country_id where a1_0.id=?
2026-04-29T08:47:43.447+02:00 TRACE 25352 --- [eimt_lab] [http-nio-8080-exec-7] org.hibernate.orm.jdbc.bind              : binding parameter (1:BIGINT) <- [2]
2026-04-29T08:47:46.354+02:00 DEBUG 25352 --- [eimt_lab] [http-nio-8080-exec-3] org.hibernate.SQL                        : select u1_0.id,u1_0.email,u1_0.name,u1_0.surname from library_users u1_0
2026-04-29T08:47:46.364+02:00 DEBUG 25352 --- [eimt_lab] [http-nio-8080-exec-8] org.hibernate.SQL                        : select u1_0.id,u1_0.email,u1_0.name,u1_0.surname from library_users u1_0
2026-04-29T09:08:52.916+02:00  INFO 25352 --- [eimt_lab] [SpringApplicationShutdownHook] com.zaxxer.hikari.HikariDataSource       : HikariPool-1 - Shutdown initiated...
2026-04-29T09:08:52.924+02:00  INFO 25352 --- [eimt_lab] [SpringApplicationShutdownHook] com.zaxxer.hikari.HikariDataSource       : HikariPool-1 - Shutdown completed.
2026-04-29T09:10:45.951+02:00  INFO 25356 --- [eimt_lab] [main] m.u.f.wp.eimt_lab.EimtLabApplication     : Starting EimtLabApplication using Java 23 with PID 25356 (C:\desktop\eimt_lab\target\classes started by HP in C:\desktop\eimt_lab)
2026-04-29T09:10:45.953+02:00  INFO 25356 --- [eimt_lab] [main] m.u.f.wp.eimt_lab.EimtLabApplication     : The following 1 profile is active: "dev"
2026-04-29T09:10:47.479+02:00  INFO 25356 --- [eimt_lab] [main] o.apache.catalina.core.StandardService   : Starting service [Tomcat]
2026-04-29T09:10:47.479+02:00  INFO 25356 --- [eimt_lab] [main] o.apache.catalina.core.StandardEngine    : Starting Servlet engine: [Apache Tomcat/10.1.36]
2026-04-29T09:10:47.529+02:00  INFO 25356 --- [eimt_lab] [main] o.a.c.c.C.[Tomcat].[localhost].[/]       : Initializing Spring embedded WebApplicationContext
2026-04-29T09:10:47.717+02:00  INFO 25356 --- [eimt_lab] [main] com.zaxxer.hikari.HikariDataSource       : HikariPool-1 - Starting...
2026-04-29T09:10:47.839+02:00  INFO 25356 --- [eimt_lab] [main] com.zaxxer.hikari.pool.HikariPool        : HikariPool-1 - Added connection org.postgresql.jdbc.PgConnection@19faedcc
2026-04-29T09:10:47.840+02:00  INFO 25356 --- [eimt_lab] [main] com.zaxxer.hikari.HikariDataSource       : HikariPool-1 - Start completed.
2026-04-29T09:10:47.868+02:00  INFO 25356 --- [eimt_lab] [main] org.flywaydb.core.FlywayExecutor         : Database: jdbc:postgresql://localhost:5433/eimt_lab (PostgreSQL 17.4)
2026-04-29T09:10:47.951+02:00  INFO 25356 --- [eimt_lab] [main] o.f.core.internal.command.DbValidate     : Successfully validated 7 migrations (execution time 00:00.047s)
2026-04-29T09:10:47.986+02:00  INFO 25356 --- [eimt_lab] [main] o.f.core.internal.command.DbMigrate      : Current version of schema "public": 7
2026-04-29T09:10:47.990+02:00  INFO 25356 --- [eimt_lab] [main] o.f.core.internal.command.DbMigrate      : Schema "public" is up to date. No migration necessary.
2026-04-29T09:10:48.080+02:00  INFO 25356 --- [eimt_lab] [main] o.hibernate.jpa.internal.util.LogHelper  : HHH000204: Processing PersistenceUnitInfo [name: default]
2026-04-29T09:10:48.164+02:00  INFO 25356 --- [eimt_lab] [main] org.hibernate.Version                    : HHH000412: Hibernate ORM core version 6.6.8.Final
2026-04-29T09:10:48.209+02:00  INFO 25356 --- [eimt_lab] [main] o.h.c.internal.RegionFactoryInitiator    : HHH000026: Second-level cache disabled
2026-04-29T09:10:48.566+02:00  INFO 25356 --- [eimt_lab] [main] org.hibernate.orm.connections.pooling    : HHH10001005: Database info:
	Database JDBC URL [Connecting through datasource 'HikariDataSource (HikariPool-1)']
	Database driver: undefined/unknown
	Database version: 17.4
	Autocommit mode: undefined/unknown
	Isolation level: undefined/unknown
	Minimum pool size: undefined/unknown
	Maximum pool size: undefined/unknown
2026-04-29T09:10:49.664+02:00  INFO 25356 --- [eimt_lab] [main] o.h.e.t.j.p.i.JtaPlatformInitiator       : HHH000489: No JTA platform available (set 'hibernate.transaction.jta.platform' to enable JTA platform integration)
2026-04-29T09:10:50.023+02:00  WARN 25356 --- [eimt_lab] [main] JpaBaseConfiguration$JpaWebConfiguration : spring.jpa.open-in-view is enabled by default. Therefore, database queries may be performed during view rendering. Explicitly configure spring.jpa.open-in-view to disable this warning
2026-04-29T09:10:50.173+02:00  WARN 25356 --- [eimt_lab] [main] ConfigServletWebServerApplicationContext : Exception encountered during context initialization - cancelling refresh attempt: org.springframework.beans.factory.BeanCreationException: Error creating bean with name 'jwtConstants': Injection of autowired dependencies failed
2026-04-29T09:10:50.176+02:00  INFO 25356 --- [eimt_lab] [main] com.zaxxer.hikari.HikariDataSource       : HikariPool-1 - Shutdown initiated...
2026-04-29T09:10:50.182+02:00  INFO 25356 --- [eimt_lab] [main] com.zaxxer.hikari.HikariDataSource       : HikariPool-1 - Shutdown completed.
2026-04-29T09:10:50.186+02:00  INFO 25356 --- [eimt_lab] [main] o.apache.catalina.core.StandardService   : Stopping service [Tomcat]
2026-04-29T09:10:50.209+02:00 ERROR 25356 --- [eimt_lab] [main] o.s.boot.SpringApplication               : Application run failed

org.springframework.beans.factory.BeanCreationException: Error creating bean with name 'jwtConstants': Injection of autowired dependencies failed
	at org.springframework.beans.factory.annotation.AutowiredAnnotationBeanPostProcessor.postProcessProperties(AutowiredAnnotationBeanPostProcessor.java:515) ~[spring-beans-6.2.3.jar:6.2.3]
	at org.springframework.beans.factory.support.AbstractAutowireCapableBeanFactory.populateBean(AbstractAutowireCapableBeanFactory.java:1445) ~[spring-beans-6.2.3.jar:6.2.3]
	at org.springframework.beans.factory.support.AbstractAutowireCapableBeanFactory.doCreateBean(AbstractAutowireCapableBeanFactory.java:600) ~[spring-beans-6.2.3.jar:6.2.3]
	at org.springframework.beans.factory.support.AbstractAutowireCapableBeanFactory.createBean(AbstractAutowireCapableBeanFactory.java:523) ~[spring-beans-6.2.3.jar:6.2.3]
	at org.springframework.beans.factory.support.AbstractBeanFactory.lambda$doGetBean$0(AbstractBeanFactory.java:339) ~[spring-beans-6.2.3.jar:6.2.3]
	at org.springframework.beans.factory.support.DefaultSingletonBeanRegistry.getSingleton(DefaultSingletonBeanRegistry.java:346) ~[spring-beans-6.2.3.jar:6.2.3]
	at org.springframework.beans.factory.support.AbstractBeanFactory.doGetBean(AbstractBeanFactory.java:337) ~[spring-beans-6.2.3.jar:6.2.3]
	at org.springframework.beans.factory.support.AbstractBeanFactory.getBean(AbstractBeanFactory.java:202) ~[spring-beans-6.2.3.jar:6.2.3]
	at org.springframework.beans.factory.support.DefaultListableBeanFactory.instantiateSingleton(DefaultListableBeanFactory.java:1155) ~[spring-beans-6.2.3.jar:6.2.3]
	at org.springframework.beans.factory.support.DefaultListableBeanFactory.preInstantiateSingleton(DefaultListableBeanFactory.java:1121) ~[spring-beans-6.2.3.jar:6.2.3]
	at org.springframework.beans.factory.support.DefaultListableBeanFactory.preInstantiateSingletons(DefaultListableBeanFactory.java:1056) ~[spring-beans-6.2.3.jar:6.2.3]
	at org.springframework.context.support.AbstractApplicationContext.finishBeanFactoryInitialization(AbstractApplicationContext.java:987) ~[spring-context-6.2.3.jar:6.2.3]
	at org.springframework.context.support.AbstractApplicationContext.refresh(AbstractApplicationContext.java:627) ~[spring-context-6.2.3.jar:6.2.3]
	at org.springframework.boot.web.servlet.context.ServletWebServerApplicationContext.refresh(ServletWebServerApplicationContext.java:146) ~[spring-boot-3.4.3.jar:3.4.3]
	at org.springframework.boot.SpringApplication.refresh(SpringApplication.java:752) ~[spring-boot-3.4.3.jar:3.4.3]
	at org.springframework.boot.SpringApplication.refreshContext(SpringApplication.java:439) ~[spring-boot-3.4.3.jar:3.4.3]
	at org.springframework.boot.SpringApplication.run(SpringApplication.java:318) ~[spring-boot-3.4.3.jar:3.4.3]
	at org.springframework.boot.SpringApplication.run(SpringApplication.java:1361) ~[spring-boot-3.4.3.jar:3.4.3]
	at org.springframework.boot.SpringApplication.run(SpringApplication.java:1350) ~[spring-boot-3.4.3.jar:3.4.3]
	at mk.ukim.finki.wp.eimt_lab.EimtLabApplication.main(EimtLabApplication.java:19) ~[classes/:na]
Caused by: org.springframework.util.PlaceholderResolutionException: Could not resolve placeholder 'JWT_SECRET_KEY' in value "${JWT_SECRET_KEY}" <-- "${jwt.secret}"
	at org.springframework.util.PlaceholderResolutionException.withValue(PlaceholderResolutionException.java:81) ~[spring-core-6.2.3.jar:6.2.3]
	at org.springframework.util.PlaceholderParser$ParsedValue.resolve(PlaceholderParser.java:423) ~[spring-core-6.2.3.jar:6.2.3]
	at org.springframework.util.PlaceholderParser.replacePlaceholders(PlaceholderParser.java:128) ~[spring-core-6.2.3.jar:6.2.3]
	at org.springframework.util.PropertyPlaceholderHelper.parseStringValue(PropertyPlaceholderHelper.java:118) ~[spring-core-6.2.3.jar:6.2.3]
	at org.springframework.util.PropertyPlaceholderHelper.replacePlaceholders(PropertyPlaceholderHelper.java:114) ~[spring-core-6.2.3.jar:6.2.3]
	at org.springframework.core.env.AbstractPropertyResolver.doResolvePlaceholders(AbstractPropertyResolver.java:255) ~[spring-core-6.2.3.jar:6.2.3]
	at org.springframework.core.env.AbstractPropertyResolver.resolveRequiredPlaceholders(AbstractPropertyResolver.java:226) ~[spring-core-6.2.3.jar:6.2.3]
	at org.springframework.context.support.PropertySourcesPlaceholderConfigurer.lambda$processProperties$0(PropertySourcesPlaceholderConfigurer.java:201) ~[spring-context-6.2.3.jar:6.2.3]
	at org.springframework.beans.factory.support.AbstractBeanFactory.resolveEmbeddedValue(AbstractBeanFactory.java:971) ~[spring-beans-6.2.3.jar:6.2.3]
	at org.springframework.beans.factory.support.DefaultListableBeanFactory.doResolveDependency(DefaultListableBeanFactory.java:1574) ~[spring-beans-6.2.3.jar:6.2.3]
	at org.springframework.beans.factory.support.DefaultListableBeanFactory.resolveDependency(DefaultListableBeanFactory.java:1552) ~[spring-beans-6.2.3.jar:6.2.3]
	at org.springframework.beans.factory.annotation.AutowiredAnnotationBeanPostProcessor$AutowiredMethodElement.resolveMethodArguments(AutowiredAnnotationBeanPostProcessor.java:888) ~[spring-beans-6.2.3.jar:6.2.3]
	at org.springframework.beans.factory.annotation.AutowiredAnnotationBeanPostProcessor$AutowiredMethodElement.inject(AutowiredAnnotationBeanPostProcessor.java:849) ~[spring-beans-6.2.3.jar:6.2.3]
	at org.springframework.beans.factory.annotation.InjectionMetadata.inject(InjectionMetadata.java:146) ~[spring-beans-6.2.3.jar:6.2.3]
	at org.springframework.beans.factory.annotation.AutowiredAnnotationBeanPostProcessor.postProcessProperties(AutowiredAnnotationBeanPostProcessor.java:509) ~[spring-beans-6.2.3.jar:6.2.3]
	... 19 common frames omitted

